[32m2026-01-11 20:06:18 +0000[0m - dagster - [34mDEBUG[0m - __ASSET_JOB - 8f701ba8-4bb4-4189-9443-0dd24a453257 - 20324 - LOGS_CAPTURED - Started capturing logs in process (pid: 20324).
[32m2026-01-11 20:06:18 +0000[0m - dagster - [34mDEBUG[0m - __ASSET_JOB - 8f701ba8-4bb4-4189-9443-0dd24a453257 - 20324 - raw_layer_table - STEP_START - Started execution of step "raw_layer_table".
[32m2026-01-11 20:06:18 +0000[0m - dagster - [34mDEBUG[0m - __ASSET_JOB - 8f701ba8-4bb4-4189-9443-0dd24a453257 - raw_layer_table - Loading file from: /Users/teedotflims/mini-projects/.tmp_dagster_home_xbnewoxq/storage/parsed_articles_df using PickledObjectFilesystemIOManager...
[32m2026-01-11 20:06:18 +0000[0m - dagster - [34mDEBUG[0m - __ASSET_JOB - 8f701ba8-4bb4-4189-9443-0dd24a453257 - 20324 - raw_layer_table - LOADED_INPUT - Loaded input "parsed_articles_df" using input manager "io_manager", from output "result" of step "parsed_articles_df"
[32m2026-01-11 20:06:18 +0000[0m - dagster - [34mDEBUG[0m - __ASSET_JOB - 8f701ba8-4bb4-4189-9443-0dd24a453257 - 20324 - raw_layer_table - STEP_INPUT - Got input "parsed_articles_df" of type "Any". (Type check passed).
[32m2026-01-11 20:06:18 +0000[0m - dagster - [34mERROR[0m - [31m__ASSET_JOB - 8f701ba8-4bb4-4189-9443-0dd24a453257 - 20324 - raw_layer_table - STEP_FAILURE - Execution of step "raw_layer_table" failed.

dagster._core.errors.DagsterExecutionStepExecutionError: Error occurred while executing op "raw_layer_table"::

_duckdb.IOException: IO Error: Could not set lock on file "/Users/teedotflims/mini-projects/news_api_data.db": Conflicting lock is held in /opt/homebrew/Cellar/python@3.11/3.11.14_1/Frameworks/Python.framework/Versions/3.11/Resources/Python.app/Contents/MacOS/Python (PID 18672) by user teedotflims. See also https://duckdb.org/docs/stable/connect/concurrency

Stack Trace:
  File "/Users/teedotflims/mini-projects/.venv/lib/python3.11/site-packages/dagster/_core/execution/plan/utils.py", line 57, in op_execution_error_boundary
    yield
  File "/Users/teedotflims/mini-projects/.venv/lib/python3.11/site-packages/dagster/_utils/__init__.py", line 394, in iterate_with_context
    next_output = next(iterator)
                  ^^^^^^^^^^^^^^
  File "/Users/teedotflims/mini-projects/.venv/lib/python3.11/site-packages/dagster/_core/execution/plan/compute_generator.py", line 135, in _coerce_op_compute_fn_to_iterator
    result = invoke_compute_fn(
             ^^^^^^^^^^^^^^^^^^
  File "/Users/teedotflims/mini-projects/.venv/lib/python3.11/site-packages/dagster/_core/execution/plan/compute_generator.py", line 115, in invoke_compute_fn
    return fn(context, **args_to_pass) if context_arg_provided else fn(**args_to_pass)
           ^^^^^^^^^^^^^^^^^^^^^^^^^^^
  File "/Users/teedotflims/mini-projects/src/ingestion_pipeline/orchestration/assets.py", line 41, in raw_layer_table
    context.resources.duckdb.write(parsed_articles_df)
  File "/Users/teedotflims/mini-projects/src/ingestion_pipeline/resources/thenews.py", line 22, in write
    write_to_duckdb(df, self.db_path)
  File "/Users/teedotflims/mini-projects/src/ingestion_pipeline/sinks/duckdb_sink.py", line 8, in write_to_duckdb
    conn = duckdb.connect(str(db_path))
           ^^^^^^^^^^^^^^^^^^^^^^^^^^^^
[0m
