[32m2026-01-10 21:19:00 +0000[0m - dagster - [34mDEBUG[0m - __ASSET_JOB - f6ac3009-204f-4cef-b72f-5dffca1708d4 - 14089 - LOGS_CAPTURED - Started capturing logs in process (pid: 14089).
[32m2026-01-10 21:19:00 +0000[0m - dagster - [34mDEBUG[0m - __ASSET_JOB - f6ac3009-204f-4cef-b72f-5dffca1708d4 - 14089 - write_to_gsheets - STEP_START - Started execution of step "write_to_gsheets".
[32m2026-01-10 21:20:42 +0000[0m - dagster - [34mERROR[0m - [31m__ASSET_JOB - f6ac3009-204f-4cef-b72f-5dffca1708d4 - 14089 - write_to_gsheets - STEP_FAILURE - Execution of step "write_to_gsheets" failed.

dagster._core.errors.DagsterExecutionStepExecutionError: Error occurred while executing op "write_to_gsheets"::

_duckdb.IOException: IO Error: Could not set lock on file "/Users/teedotflims/mini-projects/news_api_data.db": Conflicting lock is held in /opt/homebrew/Cellar/duckdb/1.4.3/bin/duckdb (PID 13910) by user teedotflims. See also https://duckdb.org/docs/stable/connect/concurrency

Stack Trace:
  File "/Users/teedotflims/mini-projects/.venv/lib/python3.11/site-packages/dagster/_core/execution/plan/utils.py", line 57, in op_execution_error_boundary
    yield
  File "/Users/teedotflims/mini-projects/.venv/lib/python3.11/site-packages/dagster/_utils/__init__.py", line 394, in iterate_with_context
    next_output = next(iterator)
                  ^^^^^^^^^^^^^^
  File "/Users/teedotflims/mini-projects/.venv/lib/python3.11/site-packages/dagster/_core/execution/plan/compute_generator.py", line 135, in _coerce_op_compute_fn_to_iterator
    result = invoke_compute_fn(
             ^^^^^^^^^^^^^^^^^^
  File "/Users/teedotflims/mini-projects/.venv/lib/python3.11/site-packages/dagster/_core/execution/plan/compute_generator.py", line 115, in invoke_compute_fn
    return fn(context, **args_to_pass) if context_arg_provided else fn(**args_to_pass)
                                                                    ^^^^^^^^^^^^^^^^^^
  File "/Users/teedotflims/mini-projects/src/ingestion_pipeline/orchestration/assets.py", line 56, in write_to_gsheets
    with gsheets_connection(duckdb_connect, GSHEET_KEY_PATH) as conn:
  File "/opt/homebrew/Cellar/python@3.11/3.11.14_1/Frameworks/Python.framework/Versions/3.11/lib/python3.11/contextlib.py", line 137, in __enter__
    return next(self.gen)
           ^^^^^^^^^^^^^^
  File "/Users/teedotflims/mini-projects/src/ingestion_pipeline/config/duckdb_gsheets.py", line 39, in gsheets_connection
    with duckdb.get_connection() as conn:
  File "/opt/homebrew/Cellar/python@3.11/3.11.14_1/Frameworks/Python.framework/Versions/3.11/lib/python3.11/contextlib.py", line 137, in __enter__
    return next(self.gen)
           ^^^^^^^^^^^^^^
  File "/Users/teedotflims/mini-projects/.venv/lib/python3.11/site-packages/dagster_duckdb/resource.py", line 62, in get_connection
    conn = backoff(
           ^^^^^^^^
  File "/Users/teedotflims/mini-projects/.venv/lib/python3.11/site-packages/dagster/_utils/backoff.py", line 74, in backoff
    raise to_raise
  File "/Users/teedotflims/mini-projects/.venv/lib/python3.11/site-packages/dagster/_utils/backoff.py", line 68, in backoff
    return fn(*args, **kwargs)
           ^^^^^^^^^^^^^^^^^^^
[0m
